<?xml version="1.0" encoding="UTF-8"?>
<!-- Generated by org.testng.reporters.JUnitXMLReporter -->
<testsuite ignored="2" hostname="Shultz" failures="0" tests="6" name="New Cutomer Test Cases" time="0.089" errors="0" timestamp="18 Jan 2018 22:02:20 GMT">
  <testcase classname="testNG.NewTest" name="f" time="0.008"/>
  <testcase classname="testNG.NewTest" name="f1" time="0.002"/>
  <testcase classname="testNG.NewCustomer_IPTV" name="login_SM_iptv" time="0.012"/>
  <testcase classname="testNG.NewCustomer_DSL" name="validate_workflow_dsl" time="0.002"/>
  <testcase classname="testNG.NewCustomer_DSL" name="complete_customer_dsl" time="0.001"/>
  <testcase classname="testNG.NewCustomer_DSL" name="login_SM_dsl" time="0.003"/>
  <testcase classname="testNG.NewCustomer_IPTV" name="complete_customer_iptv" time="0.0">
    <ignored/>
  </testcase> <!-- complete_customer_iptv -->
  <testcase classname="testNG.NewCustomer_IPTV" name="validate_workflow_iptv" time="0.0">
    <ignored/>
  </testcase> <!-- validate_workflow_iptv -->
</testsuite> <!-- New Cutomer Test Cases -->
