<?xml version="1.0" encoding="UTF-8"?>
<!-- Generated by org.testng.reporters.JUnitXMLReporter -->
<testsuite ignored="0" hostname="Shultz" failures="0" tests="3" name="New Cutomer Test Cases - DSL" time="0.02" errors="0" timestamp="18 Jan 2018 20:37:49 GMT">
  <testcase classname="testNG.NewCustomer_DSL" name="login_ODS" time="0.002"/>
  <testcase classname="testNG.NewCustomer_DSL" name="login_OM" time="0.003"/>
  <testcase classname="testNG.NewCustomer_DSL" name="login_SM" time="0.004"/>
</testsuite> <!-- New Cutomer Test Cases - DSL -->
