<?xml version="1.0" encoding="UTF-8"?>
<!-- Generated by org.testng.reporters.JUnitXMLReporter -->
<testsuite ignored="2" hostname="Shultz" failures="0" tests="1" name="New Cutomer Test Cases - IPTV" time="0.008" errors="0" timestamp="18 Jan 2018 20:37:49 GMT">
  <testcase classname="testNG.NewCustomer_IPTV" name="login_SM" time="0.002"/>
  <testcase classname="testNG.NewCustomer_IPTV" name="login_ODS" time="0.0">
    <ignored/>
  </testcase> <!-- login_ODS -->
  <testcase classname="testNG.NewCustomer_IPTV" name="login_OM" time="0.0">
    <ignored/>
  </testcase> <!-- login_OM -->
</testsuite> <!-- New Cutomer Test Cases - IPTV -->
