<?xml version="1.0" encoding="UTF-8"?>
<testng-results ignored="2" total="8" passed="6" failed="0" skipped="0">
  <reporter-output>
  </reporter-output>
  <suite started-at="2018-01-21T10:45:35Z" name="telecom Department" finished-at="2018-01-21T10:45:35Z" duration-ms="70">
    <groups>
      <group name="smoke">
        <method signature="NewCustomer_DSL.validate_workflow_dsl()[pri:0, instance:testNG.NewCustomer_DSL@38425407]" name="validate_workflow_dsl" class="testNG.NewCustomer_DSL"/>
        <method signature="NewCustomer_DSL.login_SM_dsl()[pri:0, instance:testNG.NewCustomer_DSL@38425407]" name="login_SM_dsl" class="testNG.NewCustomer_DSL"/>
        <method signature="NewCustomer_IPTV.login_SM_iptv(java.lang.String)[pri:0, instance:testNG.NewCustomer_IPTV@3c41ed1d]" name="login_SM_iptv" class="testNG.NewCustomer_IPTV"/>
      </group> <!-- smoke -->
    </groups>
    <test started-at="2018-01-21T10:45:35Z" name="New Cutomer Test Cases" finished-at="2018-01-21T10:45:35Z" duration-ms="70">
      <class name="testNG.NewCustomer_DSL">
        <test-method signature="validate_workflow_dsl()[pri:0, instance:testNG.NewCustomer_DSL@38425407]" started-at="2018-01-21T16:15:35Z" name="validate_workflow_dsl" finished-at="2018-01-21T16:15:35Z" duration-ms="0" status="PASS">
          <reporter-output>
          </reporter-output>
        </test-method> <!-- validate_workflow_dsl -->
        <test-method signature="complete_customer_dsl()[pri:0, instance:testNG.NewCustomer_DSL@38425407]" started-at="2018-01-21T16:15:35Z" name="complete_customer_dsl" finished-at="2018-01-21T16:15:35Z" duration-ms="2" status="PASS">
          <reporter-output>
          </reporter-output>
        </test-method> <!-- complete_customer_dsl -->
        <test-method signature="login_SM_dsl()[pri:0, instance:testNG.NewCustomer_DSL@38425407]" started-at="2018-01-21T16:15:35Z" name="login_SM_dsl" finished-at="2018-01-21T16:15:35Z" depends-on-methods="testNG.NewCustomer_DSL.validate_workflow_dsl" duration-ms="1" status="PASS">
          <reporter-output>
          </reporter-output>
        </test-method> <!-- login_SM_dsl -->
      </class> <!-- testNG.NewCustomer_DSL -->
      <class name="testNG.NewCustomer_IPTV">
        <test-method is-config="true" signature="introduction()[pri:0, instance:testNG.NewCustomer_IPTV@3c41ed1d]" started-at="2018-01-21T16:15:35Z" name="introduction" finished-at="2018-01-21T16:15:35Z" duration-ms="25" status="PASS">
          <reporter-output>
          </reporter-output>
        </test-method> <!-- introduction -->
        <test-method is-config="true" signature="createTestData()[pri:0, instance:testNG.NewCustomer_IPTV@3c41ed1d]" started-at="2018-01-21T16:15:35Z" name="createTestData" finished-at="2018-01-21T16:15:35Z" duration-ms="1" status="PASS">
          <reporter-output>
          </reporter-output>
        </test-method> <!-- createTestData -->
        <test-method is-config="true" signature="beforeClass()[pri:0, instance:testNG.NewCustomer_IPTV@3c41ed1d]" started-at="2018-01-21T16:15:35Z" name="beforeClass" finished-at="2018-01-21T16:15:35Z" duration-ms="0" status="PASS">
          <reporter-output>
          </reporter-output>
        </test-method> <!-- beforeClass -->
        <test-method is-config="true" signature="beforeMethod()[pri:0, instance:testNG.NewCustomer_IPTV@3c41ed1d]" started-at="2018-01-21T16:15:35Z" name="beforeMethod" finished-at="2018-01-21T16:15:35Z" duration-ms="0" status="PASS">
          <reporter-output>
          </reporter-output>
        </test-method> <!-- beforeMethod -->
        <test-method signature="login_SM_iptv(java.lang.String)[pri:0, instance:testNG.NewCustomer_IPTV@3c41ed1d]" started-at="2018-01-21T16:15:35Z" name="login_SM_iptv" finished-at="2018-01-21T16:15:35Z" duration-ms="3" status="PASS">
          <params>
            <param index="0">
              <value>
                <![CDATA[SM]]>
              </value>
            </param>
          </params>
          <reporter-output>
          </reporter-output>
        </test-method> <!-- login_SM_iptv -->
        <test-method is-config="true" signature="afterMethod()[pri:0, instance:testNG.NewCustomer_IPTV@3c41ed1d]" started-at="2018-01-21T16:15:35Z" name="afterMethod" finished-at="2018-01-21T16:15:35Z" duration-ms="1" status="PASS">
          <reporter-output>
          </reporter-output>
        </test-method> <!-- afterMethod -->
        <test-method is-config="true" signature="afterClass()[pri:0, instance:testNG.NewCustomer_IPTV@3c41ed1d]" started-at="2018-01-21T16:15:35Z" name="afterClass" finished-at="2018-01-21T16:15:35Z" duration-ms="3" status="PASS">
          <reporter-output>
          </reporter-output>
        </test-method> <!-- afterClass -->
        <test-method is-config="true" signature="closeBrowser()[pri:0, instance:testNG.NewCustomer_IPTV@3c41ed1d]" started-at="2018-01-21T16:15:35Z" name="closeBrowser" finished-at="2018-01-21T16:15:35Z" duration-ms="0" status="PASS">
          <reporter-output>
          </reporter-output>
        </test-method> <!-- closeBrowser -->
        <test-method is-config="true" signature="closure()[pri:0, instance:testNG.NewCustomer_IPTV@3c41ed1d]" started-at="2018-01-21T16:15:35Z" name="closure" finished-at="2018-01-21T16:15:35Z" duration-ms="1" status="PASS">
          <reporter-output>
          </reporter-output>
        </test-method> <!-- closure -->
      </class> <!-- testNG.NewCustomer_IPTV -->
      <class name="testNG.NewTest">
        <test-method signature="f()[pri:0, instance:testNG.NewTest@54d9d12d]" started-at="2018-01-21T16:15:35Z" name="f" finished-at="2018-01-21T16:15:35Z" duration-ms="1" status="PASS">
          <reporter-output>
          </reporter-output>
        </test-method> <!-- f -->
        <test-method signature="f1()[pri:0, instance:testNG.NewTest@54d9d12d]" started-at="2018-01-21T16:15:35Z" name="f1" finished-at="2018-01-21T16:15:35Z" duration-ms="1" status="PASS">
          <reporter-output>
          </reporter-output>
        </test-method> <!-- f1 -->
      </class> <!-- testNG.NewTest -->
    </test> <!-- New Cutomer Test Cases -->
  </suite> <!-- telecom Department -->
</testng-results>
